<?xml version="1.0" encoding="UTF-8"?>
<!-- Generated by org.testng.reporters.JUnitReportReporter -->
<testsuite hostname="ViveksMacBookPro.local" failures="0" tests="3" name="HomeTest.HomeTest" time="43.775" errors="0" timestamp="2022-10-03T03:54:45 MYT" skipped="0">
  <testcase classname="HomeTest.HomeTest" name="searchValidation" time="11.237"/>
  <system-out/>
  <testcase classname="HomeTest.HomeTest" name="filterValidation" time="10.777"/>
  <system-out/>
  <testcase classname="HomeTest.HomeTest" name="addToCart" time="21.761"/>
  <system-out/>
</testsuite> <!-- HomeTest.HomeTest -->
